INFO 2023/05/11 12:22:48 main.go:55: information logged...
WARN 2023/05/11 12:22:48 main.go:56: Warning logged...
ERROR 2023/05/11 12:22:48 main.go:57: Error logged...
INFO 2023/05/11 12:22:48 main.go:80: information logged
WARN 2023/05/11 12:22:48 main.go:84: warning logged
ERROR 2023/05/11 12:22:48 main.go:88: errors logged
INFO 2023/05/11 main.go:60: this is info log
WARN 2023/05/11 14:52:36 main.go:61: this is a warning
ERROR 2023/05/11 14:52:36 main.go:62: something went wrong
INFO 2023/05/11 main.go:61: this is info log
WARN 2023/05/11 14:55:10 main.go:62: this is a warning
ERROR 2023/05/11 14:55:10 main.go:63: something went wrong

INFO 2023/05/11 15:01:41 log.go:21: this is info log...
WARN 2023/05/11 15:01:41 log.go:22: this is a warning...
ERROR 2023/05/11 15:01:41 log.go:23: something went wrong...
INFO 2023/05/11 15:02:53 log.go:22: this is info log...
WARN 2023/05/11 15:02:53 log.go:23: this is a warning...
ERROR 2023/05/11 15:02:53 log.go:24: something went wrong...

INFO 2023/05/11 15:03:17 log.go:22: this is info log...
WARN 2023/05/11 15:03:17 log.go:23: this is a warning...
ERROR 2023/05/11 15:03:17 log.go:24: something went wrong...
